# JRE version: OpenJDK Runtime Environment (8.0_242-b01) (build 1.8.0_242-release-1644-b01)
# Java VM: OpenJDK 64-Bit Server VM (25.242-b01 mixed mode windows-amd64 compressed oops)
Heap:
 PSYoungGen      total 331264K, used 180724K [0x00000000e0000000, 0x00000000fb080000, 0x0000000100000000)
  eden space 307712K, 53% used [0x00000000e0000000,0x00000000ea0fcbf0,0x00000000f2c80000)
  from space 23552K, 67% used [0x00000000f2c80000,0x00000000f3c006e8,0x00000000f4380000)
  to   space 24064K, 0% used [0x00000000f9900000,0x00000000f9900000,0x00000000fb080000)
 ParOldGen       total 108544K, used 51906K [0x00000000a0000000, 0x00000000a6a00000, 0x00000000e0000000)
  object space 108544K, 47% used [0x00000000a0000000,0x00000000a32b0940,0x00000000a6a00000)
 Metaspace       used 81727K, capacity 84928K, committed 84992K, reserved 1124352K
  class space    used 10342K, capacity 11008K, committed 11008K, reserved 1048576K
GC Heap History (10 events):
Event: 10.761 GC heap before
{Heap before GC invocations=10 (full 2):
 PSYoungGen      total 139264K, used 129024K [0x00000000e0000000, 0x00000000efe80000, 0x0000000100000000)
  eden space 129024K, 100% used [0x00000000e0000000,0x00000000e7e00000,0x00000000e7e00000)
  from space 10240K, 0% used [0x00000000e7e00000,0x00000000e7e00000,0x00000000e8800000)
  to   space 14336K, 0% used [0x00000000ef080000,0x00000000ef080000,0x00000000efe80000)
 ParOldGen       total 71680K, used 21031K [0x00000000a0000000, 0x00000000a4600000, 0x00000000e0000000)
  object space 71680K, 29% used [0x00000000a0000000,0x00000000a1489d90,0x00000000a4600000)
 Metaspace       used 45924K, capacity 47076K, committed 47360K, reserved 1089536K
  class space    used 6208K, capacity 6545K, committed 6656K, reserved 1048576K
Event: 10.779 GC heap after
Heap after GC invocations=10 (full 2):
 PSYoungGen      total 238080K, used 14310K [0x00000000e0000000, 0x00000000efe80000, 0x0000000100000000)
  eden space 223744K, 0% used [0x00000000e0000000,0x00000000e0000000,0x00000000eda80000)
  from space 14336K, 99% used [0x00000000ef080000,0x00000000efe799a8,0x00000000efe80000)
  to   space 16384K, 0% used [0x00000000ede80000,0x00000000ede80000,0x00000000eee80000)
 ParOldGen       total 71680K, used 21144K [0x00000000a0000000, 0x00000000a4600000, 0x00000000e0000000)
  object space 71680K, 29% used [0x00000000a0000000,0x00000000a14a6310,0x00000000a4600000)
 Metaspace       used 45924K, capacity 47076K, committed 47360K, reserved 1089536K
  class space    used 6208K, capacity 6545K, committed 6656K, reserved 1048576K
}
Event: 15.171 GC heap before
{Heap before GC invocations=11 (full 2):
 PSYoungGen      total 238080K, used 238054K [0x00000000e0000000, 0x00000000efe80000, 0x0000000100000000)
  eden space 223744K, 100% used [0x00000000e0000000,0x00000000eda80000,0x00000000eda80000)
  from space 14336K, 99% used [0x00000000ef080000,0x00000000efe799a8,0x00000000efe80000)
  to   space 16384K, 0% used [0x00000000ede80000,0x00000000ede80000,0x00000000eee80000)
 ParOldGen       total 71680K, used 21144K [0x00000000a0000000, 0x00000000a4600000, 0x00000000e0000000)
  object space 71680K, 29% used [0x00000000a0000000,0x00000000a14a6310,0x00000000a4600000)
 Metaspace       used 57125K, capacity 58954K, committed 59028K, reserved 1099776K
  class space    used 7728K, capacity 8154K, committed 8192K, reserved 1048576K
Event: 15.203 GC heap after
Heap after GC invocations=11 (full 2):
 PSYoungGen      total 244224K, used 16353K [0x00000000e0000000, 0x00000000f6400000, 0x0000000100000000)
  eden space 227840K, 0% used [0x00000000e0000000,0x00000000e0000000,0x00000000ede80000)
  from space 16384K, 99% used [0x00000000ede80000,0x00000000eee786c0,0x00000000eee80000)
  to   space 24064K, 0% used [0x00000000f4c80000,0x00000000f4c80000,0x00000000f6400000)
 ParOldGen       total 71680K, used 34348K [0x00000000a0000000, 0x00000000a4600000, 0x00000000e0000000)
  object space 71680K, 47% used [0x00000000a0000000,0x00000000a218b1a0,0x00000000a4600000)
 Metaspace       used 57125K, capacity 58954K, committed 59028K, reserved 1099776K
  class space    used 7728K, capacity 8154K, committed 8192K, reserved 1048576K
}
Event: 15.203 GC heap before
{Heap before GC invocations=12 (full 3):
 PSYoungGen      total 244224K, used 16353K [0x00000000e0000000, 0x00000000f6400000, 0x0000000100000000)
  eden space 227840K, 0% used [0x00000000e0000000,0x00000000e0000000,0x00000000ede80000)
  from space 16384K, 99% used [0x00000000ede80000,0x00000000eee786c0,0x00000000eee80000)
  to   space 24064K, 0% used [0x00000000f4c80000,0x00000000f4c80000,0x00000000f6400000)
 ParOldGen       total 71680K, used 34348K [0x00000000a0000000, 0x00000000a4600000, 0x00000000e0000000)
  object space 71680K, 47% used [0x00000000a0000000,0x00000000a218b1a0,0x00000000a4600000)
 Metaspace       used 57125K, capacity 58954K, committed 59028K, reserved 1099776K
  class space    used 7728K, capacity 8154K, committed 8192K, reserved 1048576K
Event: 15.449 GC heap after
Heap after GC invocations=12 (full 3):
 PSYoungGen      total 244224K, used 0K [0x00000000e0000000, 0x00000000f6400000, 0x0000000100000000)
  eden space 227840K, 0% used [0x00000000e0000000,0x00000000e0000000,0x00000000ede80000)
  from space 16384K, 0% used [0x00000000ede80000,0x00000000ede80000,0x00000000eee80000)
  to   space 24064K, 0% used [0x00000000f4c80000,0x00000000f4c80000,0x00000000f6400000)
 ParOldGen       total 108544K, used 43876K [0x00000000a0000000, 0x00000000a6a00000, 0x00000000e0000000)
  object space 108544K, 40% used [0x00000000a0000000,0x00000000a2ad9060,0x00000000a6a00000)
 Metaspace       used 57125K, capacity 58954K, committed 59028K, reserved 1099776K
  class space    used 7728K, capacity 8154K, committed 8192K, reserved 1048576K
}
Event: 6047.539 GC heap before
{Heap before GC invocations=13 (full 3):
 PSYoungGen      total 244224K, used 227840K [0x00000000e0000000, 0x00000000f6400000, 0x0000000100000000)
  eden space 227840K, 100% used [0x00000000e0000000,0x00000000ede80000,0x00000000ede80000)
  from space 16384K, 0% used [0x00000000ede80000,0x00000000ede80000,0x00000000eee80000)
  to   space 24064K, 0% used [0x00000000f4c80000,0x00000000f4c80000,0x00000000f6400000)
 ParOldGen       total 108544K, used 43876K [0x00000000a0000000, 0x00000000a6a00000, 0x00000000e0000000)
  object space 108544K, 40% used [0x00000000a0000000,0x00000000a2ad9060,0x00000000a6a00000)
 Metaspace       used 65848K, capacity 68780K, committed 68864K, reserved 1110016K
  class space    used 8616K, capacity 9216K, committed 9216K, reserved 1048576K
Event: 6047.640 GC heap after
Heap after GC invocations=13 (full 3):
 PSYoungGen      total 318976K, used 13953K [0x00000000e0000000, 0x00000000f5a80000, 0x0000000100000000)
  eden space 304640K, 0% used [0x00000000e0000000,0x00000000e0000000,0x00000000f2980000)
  from space 14336K, 97% used [0x00000000f4c80000,0x00000000f5a20688,0x00000000f5a80000)
  to   space 23552K, 0% used [0x00000000f2c80000,0x00000000f2c80000,0x00000000f4380000)
 ParOldGen       total 108544K, used 43884K [0x00000000a0000000, 0x00000000a6a00000, 0x00000000e0000000)
  object space 108544K, 40% used [0x00000000a0000000,0x00000000a2adb060,0x00000000a6a00000)
 Metaspace       used 65848K, capacity 68780K, committed 68864K, reserved 1110016K
  class space    used 8616K, capacity 9216K, committed 9216K, reserved 1048576K
}
Event: 6063.534 GC heap before
{Heap before GC invocations=14 (full 3):
 PSYoungGen      total 318976K, used 318593K [0x00000000e0000000, 0x00000000f5a80000, 0x0000000100000000)
  eden space 304640K, 100% used [0x00000000e0000000,0x00000000f2980000,0x00000000f2980000)
  from space 14336K, 97% used [0x00000000f4c80000,0x00000000f5a20688,0x00000000f5a80000)
  to   space 23552K, 0% used [0x00000000f2c80000,0x00000000f2c80000,0x00000000f4380000)
 ParOldGen       total 108544K, used 43884K [0x00000000a0000000, 0x00000000a6a00000, 0x00000000e0000000)
  object space 108544K, 40% used [0x00000000a0000000,0x00000000a2adb060,0x00000000a6a00000)
 Metaspace       used 76171K, capacity 79310K, committed 79360K, reserved 1118208K
  class space    used 9799K, capacity 10455K, committed 10496K, reserved 1048576K
Event: 6063.559 GC heap after
Heap after GC invocations=14 (full 3):
 PSYoungGen      total 331264K, used 15873K [0x00000000e0000000, 0x00000000fb080000, 0x0000000100000000)
  eden space 307712K, 0% used [0x00000000e0000000,0x00000000e0000000,0x00000000f2c80000)
  from space 23552K, 67% used [0x00000000f2c80000,0x00000000f3c006e8,0x00000000f4380000)
  to   space 24064K, 0% used [0x00000000f9900000,0x00000000f9900000,0x00000000fb080000)
 ParOldGen       total 108544K, used 51906K [0x00000000a0000000, 0x00000000a6a00000, 0x00000000e0000000)
  object space 108544K, 47% used [0x00000000a0000000,0x00000000a32b0940,0x00000000a6a00000)
 Metaspace       used 76171K, capacity 79310K, committed 79360K, reserved 1118208K
  class space    used 9799K, capacity 10455K, committed 10496K, reserved 1048576K
}

